09:19:33 [INFO] Starting the application...
09:19:33 [INFO] Using location: Latitude 40.7128, Longitude -74.006
09:19:33 [INFO] Fetching weather forecast...
09:19:34 [INFO] Forecast successfully retrieved: ForecastResult {
    current: None,
    hourly: None,
    daily: Some(
        [
            ForecastResultDaily {
                date: 2024-08-02,
                values: {
                    "temperature_2m_max": ForecastResultItem {
                        unit: Some(
                            "°F",
                        ),
                        value: Number(93.5),
                    },
                },
            },
            ForecastResultDaily {
                date: 2024-08-03,
                values: {
                    "temperature_2m_max": ForecastResultItem {
                        unit: Some(
                            "°F",
                        ),
                        value: Number(92.4),
                    },
                },
            },
            ForecastResultDaily {
                date: 2024-08-04,
                values: {
                    "temperature_2m_max": ForecastResultItem {
                        unit: Some(
                            "°F",
                        ),
                        value: Number(84.6),
                    },
                },
            },
            ForecastResultDaily {
                date: 2024-08-05,
                values: {
                    "temperature_2m_max": ForecastResultItem {
                        unit: Some(
                            "°F",
                        ),
                        value: Number(89.8),
                    },
                },
            },
            ForecastResultDaily {
                date: 2024-08-06,
                values: {
                    "temperature_2m_max": ForecastResultItem {
                        unit: Some(
                            "°F",
                        ),
                        value: Number(87.5),
                    },
                },
            },
            ForecastResultDaily {
                date: 2024-08-07,
                values: {
                    "temperature_2m_max": ForecastResultItem {
                        unit: Some(
                            "°F",
                        ),
                        value: Number(79.6),
                    },
                },
            },
            ForecastResultDaily {
                date: 2024-08-08,
                values: {
                    "temperature_2m_max": ForecastResultItem {
                        unit: Some(
                            "°F",
                        ),
                        value: Number(81.0),
                    },
                },
            },
            ForecastResultDaily {
                date: 2024-08-09,
                values: {
                    "temperature_2m_max": ForecastResultItem {
                        unit: Some(
                            "°F",
                        ),
                        value: Number(84.1),
                    },
                },
            },
            ForecastResultDaily {
                date: 2024-08-10,
                values: {
                    "temperature_2m_max": ForecastResultItem {
                        unit: Some(
                            "°F",
                        ),
                        value: Number(87.1),
                    },
                },
            },
            ForecastResultDaily {
                date: 2024-08-11,
                values: {
                    "temperature_2m_max": ForecastResultItem {
                        unit: Some(
                            "°F",
                        ),
                        value: Number(84.1),
                    },
                },
            },
        ],
    ),
}
09:19:35 [INFO] Received quit command.
09:19:35 [INFO] Application exiting...
